# JRE version: OpenJDK Runtime Environment (21.0.10) (build 21.0.10+-14961533-b1163.108)
# Java VM: OpenJDK 64-Bit Server VM (21.0.10+-14961533-b1163.108, mixed mode, tiered, compressed oops, compressed class ptrs, g1 gc, windows-amd64)
GC Precious Log:
 CardTable entry size: 512
 Card Set container configuration: InlinePtr #cards 5 size 8 Array Of Cards #cards 12 size 40 Howl #buckets 4 coarsen threshold 1843 Howl Bitmap #cards 512 size 80 coarsen threshold 460 Card regions per heap region 1 cards per card region 2048
 CPUs: 12 total, 12 available
 Memory: 10101M
 Large Page Support: Disabled
 NUMA Support: Disabled
 Compressed Oops: Enabled (32-bit)
 Heap Region Size: 1M
 Heap Min Capacity: 8M
 Heap Initial Capacity: 158M
 Heap Max Capacity: 2G
 Pre-touch: Disabled
 Parallel Workers: 10
 Concurrent Workers: 3
 Concurrent Refinement Workers: 10
 Periodic GC: Disabled
Heap:
 garbage-first heap   total 250880K, used 175075K [0x0000000080000000, 0x0000000100000000)
  region size 1024K, 31 young (31744K), 5 survivors (5120K)
 Metaspace       used 140080K, committed 142656K, reserved 1179648K
  class space    used 18981K, committed 20288K, reserved 1048576K
GC Heap History (20 events):
Event: 29.903 GC heap before
{Heap before GC invocations=34 (full 0):
 garbage-first heap   total 179200K, used 167120K [0x0000000080000000, 0x0000000100000000)
  region size 1024K, 61 young (62464K), 4 survivors (4096K)
 Metaspace       used 103539K, committed 105792K, reserved 1179648K
  class space    used 14683K, committed 15808K, reserved 1048576K
}
Event: 29.907 GC heap after
{Heap after GC invocations=35 (full 0):
 garbage-first heap   total 179200K, used 110938K [0x0000000080000000, 0x0000000100000000)
  region size 1024K, 6 young (6144K), 6 survivors (6144K)
 Metaspace       used 103539K, committed 105792K, reserved 1179648K
  class space    used 14683K, committed 15808K, reserved 1048576K
}
Event: 30.768 GC heap before
{Heap before GC invocations=36 (full 0):
 garbage-first heap   total 186368K, used 177498K [0x0000000080000000, 0x0000000100000000)
  region size 1024K, 62 young (63488K), 6 survivors (6144K)
 Metaspace       used 109357K, committed 111744K, reserved 1179648K
  class space    used 15379K, committed 16576K, reserved 1048576K
}
Event: 30.777 GC heap after
{Heap after GC invocations=37 (full 0):
 garbage-first heap   total 191488K, used 116823K [0x0000000080000000, 0x0000000100000000)
  region size 1024K, 8 young (8192K), 8 survivors (8192K)
 Metaspace       used 109357K, committed 111744K, reserved 1179648K
  class space    used 15379K, committed 16576K, reserved 1048576K
}
Event: 31.748 GC heap before
{Heap before GC invocations=37 (full 0):
 garbage-first heap   total 191488K, used 176215K [0x0000000080000000, 0x0000000100000000)
  region size 1024K, 67 young (68608K), 8 survivors (8192K)
 Metaspace       used 111845K, committed 114240K, reserved 1179648K
  class space    used 15687K, committed 16896K, reserved 1048576K
}
Event: 31.757 GC heap after
{Heap after GC invocations=38 (full 0):
 garbage-first heap   total 193536K, used 121783K [0x0000000080000000, 0x0000000100000000)
  region size 1024K, 5 young (5120K), 5 survivors (5120K)
 Metaspace       used 111845K, committed 114240K, reserved 1179648K
  class space    used 15687K, committed 16896K, reserved 1048576K
}
Event: 32.572 GC heap before
{Heap before GC invocations=38 (full 0):
 garbage-first heap   total 193536K, used 179127K [0x0000000080000000, 0x0000000100000000)
  region size 1024K, 61 young (62464K), 5 survivors (5120K)
 Metaspace       used 111848K, committed 114240K, reserved 1179648K
  class space    used 15687K, committed 16896K, reserved 1048576K
}
Event: 32.579 GC heap after
{Heap after GC invocations=39 (full 0):
 garbage-first heap   total 193536K, used 126217K [0x0000000080000000, 0x0000000100000000)
  region size 1024K, 8 young (8192K), 8 survivors (8192K)
 Metaspace       used 111848K, committed 114240K, reserved 1179648K
  class space    used 15687K, committed 16896K, reserved 1048576K
}
Event: 33.407 GC heap before
{Heap before GC invocations=40 (full 0):
 garbage-first heap   total 211968K, used 178441K [0x0000000080000000, 0x0000000100000000)
  region size 1024K, 60 young (61440K), 8 survivors (8192K)
 Metaspace       used 112621K, committed 115008K, reserved 1179648K
  class space    used 15769K, committed 16960K, reserved 1048576K
}
Event: 33.413 GC heap after
{Heap after GC invocations=41 (full 0):
 garbage-first heap   total 211968K, used 129952K [0x0000000080000000, 0x0000000100000000)
  region size 1024K, 4 young (4096K), 4 survivors (4096K)
 Metaspace       used 112621K, committed 115008K, reserved 1179648K
  class space    used 15769K, committed 16960K, reserved 1048576K
}
Event: 34.449 GC heap before
{Heap before GC invocations=41 (full 0):
 garbage-first heap   total 211968K, used 195488K [0x0000000080000000, 0x0000000100000000)
  region size 1024K, 67 young (68608K), 4 survivors (4096K)
 Metaspace       used 119066K, committed 121472K, reserved 1179648K
  class space    used 16612K, committed 17792K, reserved 1048576K
}
Event: 34.454 GC heap after
{Heap after GC invocations=42 (full 0):
 garbage-first heap   total 211968K, used 131818K [0x0000000080000000, 0x0000000100000000)
  region size 1024K, 6 young (6144K), 6 survivors (6144K)
 Metaspace       used 119066K, committed 121472K, reserved 1179648K
  class space    used 16612K, committed 17792K, reserved 1048576K
}
Event: 35.365 GC heap before
{Heap before GC invocations=42 (full 0):
 garbage-first heap   total 211968K, used 198378K [0x0000000080000000, 0x0000000100000000)
  region size 1024K, 71 young (72704K), 6 survivors (6144K)
 Metaspace       used 125191K, committed 127616K, reserved 1179648K
  class space    used 17386K, committed 18560K, reserved 1048576K
}
Event: 35.371 GC heap after
{Heap after GC invocations=43 (full 0):
 garbage-first heap   total 211968K, used 135003K [0x0000000080000000, 0x0000000100000000)
  region size 1024K, 6 young (6144K), 6 survivors (6144K)
 Metaspace       used 125191K, committed 127616K, reserved 1179648K
  class space    used 17386K, committed 18560K, reserved 1048576K
}
Event: 36.296 GC heap before
{Heap before GC invocations=44 (full 0):
 garbage-first heap   total 227328K, used 197467K [0x0000000080000000, 0x0000000100000000)
  region size 1024K, 68 young (69632K), 6 survivors (6144K)
 Metaspace       used 127254K, committed 129664K, reserved 1179648K
  class space    used 17639K, committed 18816K, reserved 1048576K
}
Event: 36.305 GC heap after
{Heap after GC invocations=45 (full 0):
 garbage-first heap   total 227328K, used 140539K [0x0000000080000000, 0x0000000100000000)
  region size 1024K, 9 young (9216K), 9 survivors (9216K)
 Metaspace       used 127254K, committed 129664K, reserved 1179648K
  class space    used 17639K, committed 18816K, reserved 1048576K
}
Event: 37.197 GC heap before
{Heap before GC invocations=45 (full 0):
 garbage-first heap   total 227328K, used 211195K [0x0000000080000000, 0x0000000100000000)
  region size 1024K, 79 young (80896K), 9 survivors (9216K)
 Metaspace       used 129365K, committed 131840K, reserved 1179648K
  class space    used 17869K, committed 19072K, reserved 1048576K
}
Event: 37.206 GC heap after
{Heap after GC invocations=46 (full 0):
 garbage-first heap   total 229376K, used 145572K [0x0000000080000000, 0x0000000100000000)
  region size 1024K, 6 young (6144K), 6 survivors (6144K)
 Metaspace       used 129365K, committed 131840K, reserved 1179648K
  class space    used 17869K, committed 19072K, reserved 1048576K
}
Event: 38.307 GC heap before
{Heap before GC invocations=46 (full 0):
 garbage-first heap   total 229376K, used 213156K [0x0000000080000000, 0x0000000100000000)
  region size 1024K, 73 young (74752K), 6 survivors (6144K)
 Metaspace       used 137107K, committed 139648K, reserved 1179648K
  class space    used 18698K, committed 19968K, reserved 1048576K
}
Event: 38.314 GC heap after
{Heap after GC invocations=47 (full 0):
 garbage-first heap   total 229376K, used 150499K [0x0000000080000000, 0x0000000100000000)
  region size 1024K, 5 young (5120K), 5 survivors (5120K)
 Metaspace       used 137107K, committed 139648K, reserved 1179648K
  class space    used 18698K, committed 19968K, reserved 1048576K
}

