# JRE version: OpenJDK Runtime Environment (21.0.10) (build 21.0.10+-14961533-b1163.108)
# Java VM: OpenJDK 64-Bit Server VM (21.0.10+-14961533-b1163.108, mixed mode, tiered, compressed oops, compressed class ptrs, g1 gc, windows-amd64)
GC Precious Log:
 CardTable entry size: 512
 Card Set container configuration: InlinePtr #cards 5 size 8 Array Of Cards #cards 12 size 40 Howl #buckets 4 coarsen threshold 1843 Howl Bitmap #cards 512 size 80 coarsen threshold 460 Card regions per heap region 1 cards per card region 2048
 CPUs: 12 total, 12 available
 Memory: 10101M
 Large Page Support: Disabled
 NUMA Support: Disabled
 Compressed Oops: Enabled (32-bit)
 Heap Region Size: 1M
 Heap Min Capacity: 8M
 Heap Initial Capacity: 158M
 Heap Max Capacity: 2G
 Pre-touch: Disabled
 Parallel Workers: 10
 Concurrent Workers: 3
 Concurrent Refinement Workers: 10
 Periodic GC: Disabled
Heap:
 garbage-first heap   total 375808K, used 231424K [0x0000000080000000, 0x0000000100000000)
  region size 1024K, 13 young (13312K), 13 survivors (13312K)
 Metaspace       used 140865K, committed 143552K, reserved 1179648K
  class space    used 19924K, committed 21248K, reserved 1048576K
GC Heap History (20 events):
Event: 49.509 GC heap after
{Heap after GC invocations=53 (full 0):
 garbage-first heap   total 198656K, used 129468K [0x0000000080000000, 0x0000000100000000)
  region size 1024K, 6 young (6144K), 6 survivors (6144K)
 Metaspace       used 129928K, committed 132608K, reserved 1179648K
  class space    used 18239K, committed 19584K, reserved 1048576K
}
Event: 50.175 GC heap before
{Heap before GC invocations=54 (full 0):
 garbage-first heap   total 217088K, used 183740K [0x0000000080000000, 0x0000000100000000)
  region size 1024K, 60 young (61440K), 6 survivors (6144K)
 Metaspace       used 131444K, committed 134144K, reserved 1179648K
  class space    used 18458K, committed 19776K, reserved 1048576K
}
Event: 50.183 GC heap after
{Heap after GC invocations=55 (full 0):
 garbage-first heap   total 217088K, used 133027K [0x0000000080000000, 0x0000000100000000)
  region size 1024K, 6 young (6144K), 6 survivors (6144K)
 Metaspace       used 131444K, committed 134144K, reserved 1179648K
  class space    used 18458K, committed 19776K, reserved 1048576K
}
Event: 50.675 GC heap before
{Heap before GC invocations=55 (full 0):
 garbage-first heap   total 217088K, used 199587K [0x0000000080000000, 0x0000000100000000)
  region size 1024K, 72 young (73728K), 6 survivors (6144K)
 Metaspace       used 133022K, committed 135680K, reserved 1179648K
  class space    used 18701K, committed 20032K, reserved 1048576K
}
Event: 50.685 GC heap after
{Heap after GC invocations=56 (full 0):
 garbage-first heap   total 221184K, used 146156K [0x0000000080000000, 0x0000000100000000)
  region size 1024K, 9 young (9216K), 9 survivors (9216K)
 Metaspace       used 133022K, committed 135680K, reserved 1179648K
  class space    used 18701K, committed 20032K, reserved 1048576K
}
Event: 51.023 GC heap before
{Heap before GC invocations=56 (full 0):
 garbage-first heap   total 221184K, used 200428K [0x0000000080000000, 0x0000000100000000)
  region size 1024K, 63 young (64512K), 9 survivors (9216K)
 Metaspace       used 133875K, committed 136512K, reserved 1179648K
  class space    used 18825K, committed 20160K, reserved 1048576K
}
Event: 51.048 GC heap after
{Heap after GC invocations=57 (full 0):
 garbage-first heap   total 225280K, used 158607K [0x0000000080000000, 0x0000000100000000)
  region size 1024K, 8 young (8192K), 8 survivors (8192K)
 Metaspace       used 133875K, committed 136512K, reserved 1179648K
  class space    used 18825K, committed 20160K, reserved 1048576K
}
Event: 51.177 GC heap before
{Heap before GC invocations=57 (full 0):
 garbage-first heap   total 225280K, used 203663K [0x0000000080000000, 0x0000000100000000)
  region size 1024K, 53 young (54272K), 8 survivors (8192K)
 Metaspace       used 133984K, committed 136704K, reserved 1179648K
  class space    used 18830K, committed 20160K, reserved 1048576K
}
Event: 51.200 GC heap after
{Heap after GC invocations=58 (full 0):
 garbage-first heap   total 272384K, used 171709K [0x0000000080000000, 0x0000000100000000)
  region size 1024K, 7 young (7168K), 7 survivors (7168K)
 Metaspace       used 133984K, committed 136704K, reserved 1179648K
  class space    used 18830K, committed 20160K, reserved 1048576K
}
Event: 51.872 GC heap before
{Heap before GC invocations=58 (full 0):
 garbage-first heap   total 286720K, used 236221K [0x0000000080000000, 0x0000000100000000)
  region size 1024K, 71 young (72704K), 7 survivors (7168K)
 Metaspace       used 134021K, committed 136704K, reserved 1179648K
  class space    used 18831K, committed 20160K, reserved 1048576K
}
Event: 51.910 GC heap after
{Heap after GC invocations=59 (full 0):
 garbage-first heap   total 286720K, used 191195K [0x0000000080000000, 0x0000000100000000)
  region size 1024K, 9 young (9216K), 9 survivors (9216K)
 Metaspace       used 134021K, committed 136704K, reserved 1179648K
  class space    used 18831K, committed 20160K, reserved 1048576K
}
Event: 52.050 GC heap before
{Heap before GC invocations=60 (full 0):
 garbage-first heap   total 286720K, used 254683K [0x0000000080000000, 0x0000000100000000)
  region size 1024K, 68 young (69632K), 9 survivors (9216K)
 Metaspace       used 134078K, committed 136768K, reserved 1179648K
  class space    used 18835K, committed 20160K, reserved 1048576K
}
Event: 52.088 GC heap after
{Heap after GC invocations=61 (full 0):
 garbage-first heap   total 286720K, used 209185K [0x0000000080000000, 0x0000000100000000)
  region size 1024K, 9 young (9216K), 9 survivors (9216K)
 Metaspace       used 134078K, committed 136768K, reserved 1179648K
  class space    used 18835K, committed 20160K, reserved 1048576K
}
Event: 52.406 GC heap before
{Heap before GC invocations=61 (full 0):
 garbage-first heap   total 286720K, used 257313K [0x0000000080000000, 0x0000000100000000)
  region size 1024K, 55 young (56320K), 9 survivors (9216K)
 Metaspace       used 134582K, committed 137216K, reserved 1179648K
  class space    used 18921K, committed 20224K, reserved 1048576K
}
Event: 52.432 GC heap after
{Heap after GC invocations=62 (full 0):
 garbage-first heap   total 286720K, used 218892K [0x0000000080000000, 0x0000000100000000)
  region size 1024K, 7 young (7168K), 7 survivors (7168K)
 Metaspace       used 134582K, committed 137216K, reserved 1179648K
  class space    used 18921K, committed 20224K, reserved 1048576K
}
Event: 52.899 GC heap before
{Heap before GC invocations=62 (full 0):
 garbage-first heap   total 286720K, used 258828K [0x0000000080000000, 0x0000000100000000)
  region size 1024K, 47 young (48128K), 7 survivors (7168K)
 Metaspace       used 135831K, committed 138560K, reserved 1179648K
  class space    used 19139K, committed 20480K, reserved 1048576K
}
Event: 52.914 GC heap after
{Heap after GC invocations=63 (full 0):
 garbage-first heap   total 286720K, used 227165K [0x0000000080000000, 0x0000000100000000)
  region size 1024K, 6 young (6144K), 6 survivors (6144K)
 Metaspace       used 135831K, committed 138560K, reserved 1179648K
  class space    used 19139K, committed 20480K, reserved 1048576K
}
Event: 53.547 GC heap before
{Heap before GC invocations=64 (full 0):
 garbage-first heap   total 375808K, used 260957K [0x0000000080000000, 0x0000000100000000)
  region size 1024K, 42 young (43008K), 6 survivors (6144K)
 Metaspace       used 137928K, committed 140608K, reserved 1179648K
  class space    used 19429K, committed 20736K, reserved 1048576K
}
Event: 53.557 GC heap after
{Heap after GC invocations=65 (full 0):
 garbage-first heap   total 375808K, used 231270K [0x0000000080000000, 0x0000000100000000)
  region size 1024K, 5 young (5120K), 5 survivors (5120K)
 Metaspace       used 137928K, committed 140608K, reserved 1179648K
  class space    used 19429K, committed 20736K, reserved 1048576K
}
Event: 54.375 GC heap before
{Heap before GC invocations=65 (full 0):
 garbage-first heap   total 375808K, used 331622K [0x0000000080000000, 0x0000000100000000)
  region size 1024K, 104 young (106496K), 5 survivors (5120K)
 Metaspace       used 140865K, committed 143552K, reserved 1179648K
  class space    used 19924K, committed 21248K, reserved 1048576K
}

