# JRE version: OpenJDK Runtime Environment (21.0.10) (build 21.0.10+-14961533-b1163.108)
# Java VM: OpenJDK 64-Bit Server VM (21.0.10+-14961533-b1163.108, mixed mode, tiered, compressed oops, compressed class ptrs, g1 gc, windows-amd64)
GC Precious Log:
 CardTable entry size: 512
 Card Set container configuration: InlinePtr #cards 5 size 8 Array Of Cards #cards 12 size 40 Howl #buckets 4 coarsen threshold 1843 Howl Bitmap #cards 512 size 80 coarsen threshold 460 Card regions per heap region 1 cards per card region 2048
 CPUs: 12 total, 12 available
 Memory: 10101M
 Large Page Support: Disabled
 NUMA Support: Disabled
 Compressed Oops: Enabled (32-bit)
 Heap Region Size: 1M
 Heap Min Capacity: 8M
 Heap Initial Capacity: 158M
 Heap Max Capacity: 2G
 Pre-touch: Disabled
 Parallel Workers: 10
 Concurrent Workers: 3
 Concurrent Refinement Workers: 10
 Periodic GC: Disabled
Heap:
 garbage-first heap   total 130048K, used 110129K [0x0000000080000000, 0x0000000100000000)
  region size 1024K, 27 young (27648K), 5 survivors (5120K)
 Metaspace       used 75403K, committed 77376K, reserved 1179648K
  class space    used 10717K, committed 11648K, reserved 1048576K
GC Heap History (20 events):
Event: 12.185 GC heap before
{Heap before GC invocations=12 (full 0):
 garbage-first heap   total 96256K, used 83259K [0x0000000080000000, 0x0000000100000000)
  region size 1024K, 33 young (33792K), 4 survivors (4096K)
 Metaspace       used 51981K, committed 53440K, reserved 1114112K
  class space    used 7241K, committed 7936K, reserved 1048576K
}
Event: 12.190 GC heap after
{Heap after GC invocations=13 (full 0):
 garbage-first heap   total 96256K, used 57828K [0x0000000080000000, 0x0000000100000000)
  region size 1024K, 5 young (5120K), 5 survivors (5120K)
 Metaspace       used 51981K, committed 53440K, reserved 1114112K
  class space    used 7241K, committed 7936K, reserved 1048576K
}
Event: 12.813 GC heap before
{Heap before GC invocations=13 (full 0):
 garbage-first heap   total 96256K, used 85476K [0x0000000080000000, 0x0000000100000000)
  region size 1024K, 32 young (32768K), 5 survivors (5120K)
 Metaspace       used 55405K, committed 56960K, reserved 1114112K
  class space    used 7822K, committed 8576K, reserved 1048576K
}
Event: 12.818 GC heap after
{Heap after GC invocations=14 (full 0):
 garbage-first heap   total 96256K, used 59141K [0x0000000080000000, 0x0000000100000000)
  region size 1024K, 2 young (2048K), 2 survivors (2048K)
 Metaspace       used 55405K, committed 56960K, reserved 1114112K
  class space    used 7822K, committed 8576K, reserved 1048576K
}
Event: 13.980 GC heap before
{Heap before GC invocations=14 (full 0):
 garbage-first heap   total 96256K, used 85765K [0x0000000080000000, 0x0000000100000000)
  region size 1024K, 29 young (29696K), 2 survivors (2048K)
 Metaspace       used 57558K, committed 59136K, reserved 1114112K
  class space    used 8169K, committed 8960K, reserved 1048576K
}
Event: 13.985 GC heap after
{Heap after GC invocations=15 (full 0):
 garbage-first heap   total 96256K, used 62439K [0x0000000080000000, 0x0000000100000000)
  region size 1024K, 4 young (4096K), 4 survivors (4096K)
 Metaspace       used 57558K, committed 59136K, reserved 1114112K
  class space    used 8169K, committed 8960K, reserved 1048576K
}
Event: 15.241 GC heap before
{Heap before GC invocations=16 (full 0):
 garbage-first heap   total 104448K, used 85991K [0x0000000080000000, 0x0000000100000000)
  region size 1024K, 28 young (28672K), 4 survivors (4096K)
 Metaspace       used 59112K, committed 60864K, reserved 1114112K
  class space    used 8366K, committed 9216K, reserved 1048576K
}
Event: 15.245 GC heap after
{Heap after GC invocations=17 (full 0):
 garbage-first heap   total 125952K, used 65006K [0x0000000080000000, 0x0000000100000000)
  region size 1024K, 4 young (4096K), 4 survivors (4096K)
 Metaspace       used 59112K, committed 60864K, reserved 1114112K
  class space    used 8366K, committed 9216K, reserved 1048576K
}
Event: 16.377 GC heap before
{Heap before GC invocations=17 (full 0):
 garbage-first heap   total 125952K, used 110062K [0x0000000080000000, 0x0000000100000000)
  region size 1024K, 48 young (49152K), 4 survivors (4096K)
 Metaspace       used 62776K, committed 64576K, reserved 1114112K
  class space    used 8936K, committed 9792K, reserved 1048576K
}
Event: 16.382 GC heap after
{Heap after GC invocations=18 (full 0):
 garbage-first heap   total 125952K, used 67163K [0x0000000080000000, 0x0000000100000000)
  region size 1024K, 6 young (6144K), 6 survivors (6144K)
 Metaspace       used 62776K, committed 64576K, reserved 1114112K
  class space    used 8936K, committed 9792K, reserved 1048576K
}
Event: 17.520 GC heap before
{Heap before GC invocations=18 (full 0):
 garbage-first heap   total 125952K, used 112219K [0x0000000080000000, 0x0000000100000000)
  region size 1024K, 50 young (51200K), 6 survivors (6144K)
 Metaspace       used 68684K, committed 70592K, reserved 1114112K
  class space    used 9791K, committed 10688K, reserved 1048576K
}
Event: 17.526 GC heap after
{Heap after GC invocations=19 (full 0):
 garbage-first heap   total 125952K, used 69549K [0x0000000080000000, 0x0000000100000000)
  region size 1024K, 5 young (5120K), 5 survivors (5120K)
 Metaspace       used 68684K, committed 70592K, reserved 1114112K
  class space    used 9791K, committed 10688K, reserved 1048576K
}
Event: 18.702 GC heap before
{Heap before GC invocations=20 (full 0):
 garbage-first heap   total 125952K, used 113581K [0x0000000080000000, 0x0000000100000000)
  region size 1024K, 48 young (49152K), 5 survivors (5120K)
 Metaspace       used 73230K, committed 75136K, reserved 1114112K
  class space    used 10530K, committed 11456K, reserved 1048576K
}
Event: 18.708 GC heap after
{Heap after GC invocations=21 (full 0):
 garbage-first heap   total 125952K, used 71949K [0x0000000080000000, 0x0000000100000000)
  region size 1024K, 5 young (5120K), 5 survivors (5120K)
 Metaspace       used 73230K, committed 75136K, reserved 1114112K
  class space    used 10530K, committed 11456K, reserved 1048576K
}
Event: 21.095 GC heap before
{Heap before GC invocations=21 (full 0):
 garbage-first heap   total 125952K, used 113933K [0x0000000080000000, 0x0000000100000000)
  region size 1024K, 47 young (48128K), 5 survivors (5120K)
 Metaspace       used 74053K, committed 76032K, reserved 1114112K
  class space    used 10578K, committed 11520K, reserved 1048576K
}
Event: 21.103 GC heap after
{Heap after GC invocations=22 (full 0):
 garbage-first heap   total 125952K, used 74933K [0x0000000080000000, 0x0000000100000000)
  region size 1024K, 6 young (6144K), 6 survivors (6144K)
 Metaspace       used 74053K, committed 76032K, reserved 1114112K
  class space    used 10578K, committed 11520K, reserved 1048576K
}
Event: 22.441 GC heap before
{Heap before GC invocations=22 (full 0):
 garbage-first heap   total 125952K, used 112821K [0x0000000080000000, 0x0000000100000000)
  region size 1024K, 44 young (45056K), 6 survivors (6144K)
 Metaspace       used 74213K, committed 76160K, reserved 1114112K
  class space    used 10578K, committed 11520K, reserved 1048576K
}
Event: 22.446 GC heap after
{Heap after GC invocations=23 (full 0):
 garbage-first heap   total 125952K, used 77146K [0x0000000080000000, 0x0000000100000000)
  region size 1024K, 2 young (2048K), 2 survivors (2048K)
 Metaspace       used 74213K, committed 76160K, reserved 1114112K
  class space    used 10578K, committed 11520K, reserved 1048576K
}
Event: 23.436 GC heap before
{Heap before GC invocations=24 (full 0):
 garbage-first heap   total 130048K, used 121178K [0x0000000080000000, 0x0000000100000000)
  region size 1024K, 40 young (40960K), 2 survivors (2048K)
 Metaspace       used 74409K, committed 76416K, reserved 1179648K
  class space    used 10611K, committed 11584K, reserved 1048576K
}
Event: 23.440 GC heap after
{Heap after GC invocations=25 (full 0):
 garbage-first heap   total 130048K, used 86577K [0x0000000080000000, 0x0000000100000000)
  region size 1024K, 5 young (5120K), 5 survivors (5120K)
 Metaspace       used 74409K, committed 76416K, reserved 1179648K
  class space    used 10611K, committed 11584K, reserved 1048576K
}

